Name                                                   Stmts   Miss  Cover   Missing
------------------------------------------------------------------------------------
lms/__init__.py                                            0      0   100%
lms/admin.py                                               1      0   100%
lms/apps.py                                                3      0   100%
lms/migrations/0001_initial.py                             6      0   100%
lms/migrations/0002_alter_course_preview.py                4      0   100%
lms/migrations/0003_course_owner_lesson_owner.py           6      0   100%
lms/migrations/0004_subscription.py                        6      0   100%
lms/migrations/0005_alter_subscription_is_active.py        4      0   100%
lms/migrations/0006_remove_subscription_is_active.py       4      0   100%
lms/migrations/0007_alter_subscription_course.py           5      0   100%
lms/migrations/__init__.py                                 0      0   100%
lms/models.py                                             19      1    95%   71
lms/paginators.py                                          5      0   100%
lms/serializers.py                                        33     13    61%   14, 19-23, 26-32
lms/tests.py                                              86      0   100%
lms/urls.py                                                9      0   100%
lms/validators.py                                          4      1    75%   6
lms/views.py                                             102     31    70%   27-34, 37-39, 42-50, 60, 77-83, 104-105, 122, 135, 138, 151
------------------------------------------------------------------------------------
TOTAL                                                    297     46    85%
